生成启动时间为 2019/5/10 13:42:58。
     1>项目“E:\比特科技\代码\After-Class-Practice-\作业代码\作业5\guess number\guess number\guess number.vcxproj”在节点 2 上(Build 个目标)。
     1>ClCompile:
         D:\vs2015\VC\bin\CL.exe /c /ZI /nologo /W3 /WX- /sdl /Od /Oy- /D _MBCS /Gm /EHsc /RTC1 /MDd /GS /fp:precise /Zc:wchar_t /Zc:forScope /Zc:inline /Fo"Debug\\" /Fd"Debug\vc140.pdb" /Gd /TC /analyze- /errorReport:prompt text_2.c
         text_2.c
     1>e:\比特科技\代码\after-class-practice-\作业代码\作业5\guess number\guess number\text_2.c(23): warning C4013: “prinft”未定义；假设外部返回 int
     1>e:\比特科技\代码\after-class-practice-\作业代码\作业5\guess number\guess number\text_2.c(12): error C4996: 'scanf': This function or variable may be unsafe. Consider using scanf_s instead. To disable deprecation, use _CRT_SECURE_NO_WARNINGS. See online help for details.
         c:\program files (x86)\windows kits\10\include\10.0.10150.0\ucrt\stdio.h(1270): note: 参见“scanf”的声明
     1>e:\比特科技\代码\after-class-practice-\作业代码\作业5\guess number\guess number\text_2.c(51): error C2065: “default：”: 未声明的标识符
     1>e:\比特科技\代码\after-class-practice-\作业代码\作业5\guess number\guess number\text_2.c(51): error C2146: 语法错误: 缺少“;”(在标识符“printf”的前面)
     1>已完成生成项目“E:\比特科技\代码\After-Class-Practice-\作业代码\作业5\guess number\guess number\guess number.vcxproj”(Build 个目标)的操作 - 失败。

生成失败。

已用时间 00:00:01.70
